2025-01-24 12:31:40,983 - hydromt_sfincs.sfincs - io - WARNING - nodata value missing for C:\Users\leew\Desktop\BEG_work\SFINCS_overview_JW\tif_files\outputData.tif
2025-01-24 12:31:43,619 - hydromt_sfincs.sfincs - rasterdataset - WARNING - Dataset [-97.81675926421389, 25.749444612, -96.95009262183224, 27.167037164966146] does not fully cover bbox [-97.830, 25.679, -96.926, 27.173]
2025-01-24 12:31:43,635 - hydromt_sfincs.sfincs - rasterdataset - WARNING - Dataset [21720.19420292412, 2848457.0683293287, 104111.52969595838, 3012321.2182954084] does not fully cover bbox [14924.474, 2846037.077, 110913.681, 3014845.071]
2025-01-24 12:34:58,707 - hydromt_sfincs.sfincs - io - WARNING - nodata value missing for C:\Users\leew\Desktop\BEG_work\SFINCS_overview_JW\tif_files\outputData.tif
2025-01-24 12:35:39,401 - hydromt_sfincs.sfincs - rasterdataset - WARNING - Dataset [-97.8255711624, 25.682961116, -96.9404953092, 27.1708132772] does not fully cover bbox [-97.830, 25.679, -96.926, 27.173]
2025-01-24 12:36:31,604 - hydromt_sfincs.sfincs - rasterdataset - WARNING - Dataset [-97.81675926421389, 25.749444612, -96.95009262183224, 27.167037164966146] does not fully cover bbox [-97.830, 25.679, -96.926, 27.173]
2025-01-24 12:36:31,614 - hydromt_sfincs.sfincs - rasterdataset - WARNING - Dataset [21720.19420292412, 2848457.0683293287, 104111.52969595838, 3012321.2182954084] does not fully cover bbox [14924.474, 2846037.077, 110913.681, 3014845.071]
2025-01-24 12:36:31,623 - hydromt_sfincs.sfincs - rasterdataset - WARNING - Dataset [-97.8255711624, 25.682961116, -96.9404953092, 27.1708132772] does not fully cover bbox [-97.830, 25.679, -96.926, 27.173]
2025-01-24 12:47:41,647 - hydromt_sfincs.sfincs - sfincs - WARNING - zsini not in states, skipping
2025-02-07 14:38:12,814 - hydromt_sfincs.sfincs - sfincs - WARNING - depfile not found at H:\multi_texas_sfincs\Harvey_w_rain\zone1_n5m\sfincs.dep
2025-02-07 14:38:12,895 - hydromt_sfincs.sfincs - sfincs - WARNING - manningfile not found at H:\multi_texas_sfincs\Harvey_w_rain\zone1_n5m\sfincs.manning
2025-02-07 14:38:13,644 - hydromt_sfincs.sfincs - sfincs - WARNING - depfile not found at H:\multi_texas_sfincs\Harvey_w_rain\zone2_n5m\sfincs.dep
2025-02-07 14:38:13,709 - hydromt_sfincs.sfincs - sfincs - WARNING - manningfile not found at H:\multi_texas_sfincs\Harvey_w_rain\zone2_n5m\sfincs.manning
2025-02-07 14:38:14,389 - hydromt_sfincs.sfincs - sfincs - WARNING - depfile not found at H:\multi_texas_sfincs\Harvey_w_rain\zone3_n5m\sfincs.dep
2025-02-07 14:38:14,408 - hydromt_sfincs.sfincs - sfincs - WARNING - manningfile not found at H:\multi_texas_sfincs\Harvey_w_rain\zone3_n5m\sfincs.manning
2025-02-07 14:38:14,932 - hydromt_sfincs.sfincs - sfincs - WARNING - depfile not found at H:\multi_texas_sfincs\Harvey_w_rain\zone4_n5m\sfincs.dep
2025-02-07 14:38:14,991 - hydromt_sfincs.sfincs - sfincs - WARNING - manningfile not found at H:\multi_texas_sfincs\Harvey_w_rain\zone4_n5m\sfincs.manning
2025-02-07 14:38:15,822 - hydromt_sfincs.sfincs - sfincs - WARNING - depfile not found at H:\multi_texas_sfincs\Harvey_w_rain\zone5_n5m\sfincs.dep
2025-02-07 14:38:15,873 - hydromt_sfincs.sfincs - sfincs - WARNING - manningfile not found at H:\multi_texas_sfincs\Harvey_w_rain\zone5_n5m\sfincs.manning
2025-02-07 14:38:16,700 - hydromt_sfincs.sfincs - sfincs - WARNING - depfile not found at H:\multi_texas_sfincs\Harvey_w_rain\zone6_n5m\sfincs.dep
2025-02-07 14:38:16,779 - hydromt_sfincs.sfincs - sfincs - WARNING - manningfile not found at H:\multi_texas_sfincs\Harvey_w_rain\zone6_n5m\sfincs.manning
2025-02-07 14:40:19,345 - hydromt_sfincs.sfincs - sfincs - WARNING - depfile not found at H:\multi_texas_sfincs\Harvey_w_rain\zone1_n5m\sfincs.dep
2025-02-07 14:40:19,350 - hydromt_sfincs.sfincs - sfincs - WARNING - manningfile not found at H:\multi_texas_sfincs\Harvey_w_rain\zone1_n5m\sfincs.manning
2025-02-07 14:40:20,167 - hydromt_sfincs.sfincs - sfincs - WARNING - depfile not found at H:\multi_texas_sfincs\Harvey_w_rain\zone2_n5m\sfincs.dep
2025-02-07 14:40:20,179 - hydromt_sfincs.sfincs - sfincs - WARNING - manningfile not found at H:\multi_texas_sfincs\Harvey_w_rain\zone2_n5m\sfincs.manning
2025-02-07 14:40:20,506 - hydromt_sfincs.sfincs - sfincs - WARNING - depfile not found at H:\multi_texas_sfincs\Harvey_w_rain\zone3_n5m\sfincs.dep
2025-02-07 14:40:20,515 - hydromt_sfincs.sfincs - sfincs - WARNING - manningfile not found at H:\multi_texas_sfincs\Harvey_w_rain\zone3_n5m\sfincs.manning
2025-02-07 14:40:20,800 - hydromt_sfincs.sfincs - sfincs - WARNING - depfile not found at H:\multi_texas_sfincs\Harvey_w_rain\zone4_n5m\sfincs.dep
2025-02-07 14:40:20,806 - hydromt_sfincs.sfincs - sfincs - WARNING - manningfile not found at H:\multi_texas_sfincs\Harvey_w_rain\zone4_n5m\sfincs.manning
2025-02-07 14:40:21,083 - hydromt_sfincs.sfincs - sfincs - WARNING - depfile not found at H:\multi_texas_sfincs\Harvey_w_rain\zone5_n5m\sfincs.dep
2025-02-07 14:40:21,094 - hydromt_sfincs.sfincs - sfincs - WARNING - manningfile not found at H:\multi_texas_sfincs\Harvey_w_rain\zone5_n5m\sfincs.manning
2025-02-07 14:40:21,384 - hydromt_sfincs.sfincs - sfincs - WARNING - depfile not found at H:\multi_texas_sfincs\Harvey_w_rain\zone6_n5m\sfincs.dep
2025-02-07 14:40:21,392 - hydromt_sfincs.sfincs - sfincs - WARNING - manningfile not found at H:\multi_texas_sfincs\Harvey_w_rain\zone6_n5m\sfincs.manning
2025-02-10 14:52:03,920 - hydromt_sfincs.sfincs - sfincs - WARNING - depfile not found at H:\multi_texas_sfincs\Harvey_w_rain\zone1_n5m\sfincs.dep
2025-02-10 14:52:04,031 - hydromt_sfincs.sfincs - sfincs - WARNING - manningfile not found at H:\multi_texas_sfincs\Harvey_w_rain\zone1_n5m\sfincs.manning
2025-02-10 14:52:05,281 - hydromt_sfincs.sfincs - sfincs - WARNING - depfile not found at H:\multi_texas_sfincs\Harvey_w_rain\zone2_n5m\sfincs.dep
2025-02-10 14:52:05,345 - hydromt_sfincs.sfincs - sfincs - WARNING - manningfile not found at H:\multi_texas_sfincs\Harvey_w_rain\zone2_n5m\sfincs.manning
2025-02-10 14:52:06,196 - hydromt_sfincs.sfincs - sfincs - WARNING - depfile not found at H:\multi_texas_sfincs\Harvey_w_rain\zone3_n5m\sfincs.dep
2025-02-10 14:52:06,229 - hydromt_sfincs.sfincs - sfincs - WARNING - manningfile not found at H:\multi_texas_sfincs\Harvey_w_rain\zone3_n5m\sfincs.manning
2025-02-10 14:52:06,970 - hydromt_sfincs.sfincs - sfincs - WARNING - depfile not found at H:\multi_texas_sfincs\Harvey_w_rain\zone4_n5m\sfincs.dep
2025-02-10 14:52:07,031 - hydromt_sfincs.sfincs - sfincs - WARNING - manningfile not found at H:\multi_texas_sfincs\Harvey_w_rain\zone4_n5m\sfincs.manning
2025-02-10 14:52:07,930 - hydromt_sfincs.sfincs - sfincs - WARNING - depfile not found at H:\multi_texas_sfincs\Harvey_w_rain\zone5_n5m\sfincs.dep
2025-02-10 14:52:07,984 - hydromt_sfincs.sfincs - sfincs - WARNING - manningfile not found at H:\multi_texas_sfincs\Harvey_w_rain\zone5_n5m\sfincs.manning
2025-02-10 14:52:08,800 - hydromt_sfincs.sfincs - sfincs - WARNING - depfile not found at H:\multi_texas_sfincs\Harvey_w_rain\zone6_n5m\sfincs.dep
2025-02-10 14:52:08,870 - hydromt_sfincs.sfincs - sfincs - WARNING - manningfile not found at H:\multi_texas_sfincs\Harvey_w_rain\zone6_n5m\sfincs.manning
2025-02-10 15:21:26,393 - hydromt_sfincs.sfincs - sfincs - WARNING - depfile not found at H:\multi_texas_sfincs\Harvey_w_rain\zone1_n5m\sfincs.dep
2025-02-10 15:21:26,400 - hydromt_sfincs.sfincs - sfincs - WARNING - manningfile not found at H:\multi_texas_sfincs\Harvey_w_rain\zone1_n5m\sfincs.manning
2025-02-10 15:21:27,657 - hydromt_sfincs.sfincs - sfincs - WARNING - depfile not found at H:\multi_texas_sfincs\Harvey_w_rain\zone2_n5m\sfincs.dep
2025-02-10 15:21:27,677 - hydromt_sfincs.sfincs - sfincs - WARNING - manningfile not found at H:\multi_texas_sfincs\Harvey_w_rain\zone2_n5m\sfincs.manning
2025-02-10 15:21:28,116 - hydromt_sfincs.sfincs - sfincs - WARNING - depfile not found at H:\multi_texas_sfincs\Harvey_w_rain\zone3_n5m\sfincs.dep
2025-02-10 15:21:28,126 - hydromt_sfincs.sfincs - sfincs - WARNING - manningfile not found at H:\multi_texas_sfincs\Harvey_w_rain\zone3_n5m\sfincs.manning
2025-02-10 15:21:28,668 - hydromt_sfincs.sfincs - sfincs - WARNING - depfile not found at H:\multi_texas_sfincs\Harvey_w_rain\zone4_n5m\sfincs.dep
2025-02-10 15:21:33,164 - hydromt_sfincs.sfincs - sfincs - WARNING - manningfile not found at H:\multi_texas_sfincs\Harvey_w_rain\zone4_n5m\sfincs.manning
2025-02-10 15:21:33,760 - hydromt_sfincs.sfincs - sfincs - WARNING - depfile not found at H:\multi_texas_sfincs\Harvey_w_rain\zone5_n5m\sfincs.dep
2025-02-10 15:21:33,778 - hydromt_sfincs.sfincs - sfincs - WARNING - manningfile not found at H:\multi_texas_sfincs\Harvey_w_rain\zone5_n5m\sfincs.manning
2025-02-10 15:21:34,307 - hydromt_sfincs.sfincs - sfincs - WARNING - depfile not found at H:\multi_texas_sfincs\Harvey_w_rain\zone6_n5m\sfincs.dep
2025-02-10 15:21:34,318 - hydromt_sfincs.sfincs - sfincs - WARNING - manningfile not found at H:\multi_texas_sfincs\Harvey_w_rain\zone6_n5m\sfincs.manning
2025-02-10 16:48:01,638 - hydromt_sfincs.sfincs - sfincs - WARNING - depfile not found at H:\multi_texas_sfincs\Harvey_w_rain\zone1_n5m\sfincs.dep
2025-02-10 16:48:01,705 - hydromt_sfincs.sfincs - sfincs - WARNING - manningfile not found at H:\multi_texas_sfincs\Harvey_w_rain\zone1_n5m\sfincs.manning
2025-02-10 16:48:03,012 - hydromt_sfincs.sfincs - sfincs - WARNING - depfile not found at H:\multi_texas_sfincs\Harvey_w_rain\zone2_n5m\sfincs.dep
2025-02-10 16:48:03,084 - hydromt_sfincs.sfincs - sfincs - WARNING - manningfile not found at H:\multi_texas_sfincs\Harvey_w_rain\zone2_n5m\sfincs.manning
2025-02-10 16:48:03,881 - hydromt_sfincs.sfincs - sfincs - WARNING - depfile not found at H:\multi_texas_sfincs\Harvey_w_rain\zone3_n5m\sfincs.dep
2025-02-10 16:48:03,914 - hydromt_sfincs.sfincs - sfincs - WARNING - manningfile not found at H:\multi_texas_sfincs\Harvey_w_rain\zone3_n5m\sfincs.manning
2025-02-10 16:48:04,632 - hydromt_sfincs.sfincs - sfincs - WARNING - depfile not found at H:\multi_texas_sfincs\Harvey_w_rain\zone4_n5m\sfincs.dep
2025-02-10 16:48:04,694 - hydromt_sfincs.sfincs - sfincs - WARNING - manningfile not found at H:\multi_texas_sfincs\Harvey_w_rain\zone4_n5m\sfincs.manning
2025-02-10 16:48:05,586 - hydromt_sfincs.sfincs - sfincs - WARNING - depfile not found at H:\multi_texas_sfincs\Harvey_w_rain\zone5_n5m\sfincs.dep
2025-02-10 16:48:05,655 - hydromt_sfincs.sfincs - sfincs - WARNING - manningfile not found at H:\multi_texas_sfincs\Harvey_w_rain\zone5_n5m\sfincs.manning
2025-02-10 16:48:06,699 - hydromt_sfincs.sfincs - sfincs - WARNING - depfile not found at H:\multi_texas_sfincs\Harvey_w_rain\zone6_n5m\sfincs.dep
2025-02-10 16:48:06,776 - hydromt_sfincs.sfincs - sfincs - WARNING - manningfile not found at H:\multi_texas_sfincs\Harvey_w_rain\zone6_n5m\sfincs.manning
2025-02-10 17:20:26,327 - hydromt_sfincs.sfincs - sfincs - WARNING - depfile not found at H:\multi_texas_sfincs\Harvey_w_rain\zone1_n5m\sfincs.dep
2025-02-10 17:20:26,332 - hydromt_sfincs.sfincs - sfincs - WARNING - manningfile not found at H:\multi_texas_sfincs\Harvey_w_rain\zone1_n5m\sfincs.manning
2025-02-10 17:20:26,855 - hydromt_sfincs.sfincs - sfincs - WARNING - depfile not found at H:\multi_texas_sfincs\Harvey_w_rain\zone2_n5m\sfincs.dep
2025-02-10 17:20:30,513 - hydromt_sfincs.sfincs - sfincs - WARNING - manningfile not found at H:\multi_texas_sfincs\Harvey_w_rain\zone2_n5m\sfincs.manning
2025-02-10 17:20:31,000 - hydromt_sfincs.sfincs - sfincs - WARNING - depfile not found at H:\multi_texas_sfincs\Harvey_w_rain\zone3_n5m\sfincs.dep
2025-02-10 17:20:31,014 - hydromt_sfincs.sfincs - sfincs - WARNING - manningfile not found at H:\multi_texas_sfincs\Harvey_w_rain\zone3_n5m\sfincs.manning
2025-02-10 17:20:31,502 - hydromt_sfincs.sfincs - sfincs - WARNING - depfile not found at H:\multi_texas_sfincs\Harvey_w_rain\zone4_n5m\sfincs.dep
2025-02-10 17:20:31,511 - hydromt_sfincs.sfincs - sfincs - WARNING - manningfile not found at H:\multi_texas_sfincs\Harvey_w_rain\zone4_n5m\sfincs.manning
2025-02-10 17:20:31,970 - hydromt_sfincs.sfincs - sfincs - WARNING - depfile not found at H:\multi_texas_sfincs\Harvey_w_rain\zone5_n5m\sfincs.dep
2025-02-10 17:20:31,984 - hydromt_sfincs.sfincs - sfincs - WARNING - manningfile not found at H:\multi_texas_sfincs\Harvey_w_rain\zone5_n5m\sfincs.manning
2025-02-10 17:20:32,394 - hydromt_sfincs.sfincs - sfincs - WARNING - depfile not found at H:\multi_texas_sfincs\Harvey_w_rain\zone6_n5m\sfincs.dep
2025-02-10 17:20:32,402 - hydromt_sfincs.sfincs - sfincs - WARNING - manningfile not found at H:\multi_texas_sfincs\Harvey_w_rain\zone6_n5m\sfincs.manning
2025-02-10 18:41:22,459 - hydromt_sfincs.sfincs - sfincs - WARNING - depfile not found at H:\multi_texas_sfincs\Harvey_w_rain\zone1_n5m\sfincs.dep
2025-02-10 18:41:22,523 - hydromt_sfincs.sfincs - sfincs - WARNING - manningfile not found at H:\multi_texas_sfincs\Harvey_w_rain\zone1_n5m\sfincs.manning
2025-02-10 18:41:23,815 - hydromt_sfincs.sfincs - sfincs - WARNING - depfile not found at H:\multi_texas_sfincs\Harvey_w_rain\zone2_n5m\sfincs.dep
2025-02-10 18:41:23,880 - hydromt_sfincs.sfincs - sfincs - WARNING - manningfile not found at H:\multi_texas_sfincs\Harvey_w_rain\zone2_n5m\sfincs.manning
2025-02-10 18:41:24,750 - hydromt_sfincs.sfincs - sfincs - WARNING - depfile not found at H:\multi_texas_sfincs\Harvey_w_rain\zone3_n5m\sfincs.dep
2025-02-10 18:41:24,784 - hydromt_sfincs.sfincs - sfincs - WARNING - manningfile not found at H:\multi_texas_sfincs\Harvey_w_rain\zone3_n5m\sfincs.manning
2025-02-10 18:41:25,594 - hydromt_sfincs.sfincs - sfincs - WARNING - depfile not found at H:\multi_texas_sfincs\Harvey_w_rain\zone4_n5m\sfincs.dep
2025-02-10 18:41:25,654 - hydromt_sfincs.sfincs - sfincs - WARNING - manningfile not found at H:\multi_texas_sfincs\Harvey_w_rain\zone4_n5m\sfincs.manning
2025-02-10 18:41:26,735 - hydromt_sfincs.sfincs - sfincs - WARNING - depfile not found at H:\multi_texas_sfincs\Harvey_w_rain\zone5_n5m\sfincs.dep
2025-02-10 18:41:26,799 - hydromt_sfincs.sfincs - sfincs - WARNING - manningfile not found at H:\multi_texas_sfincs\Harvey_w_rain\zone5_n5m\sfincs.manning
2025-02-10 18:41:27,806 - hydromt_sfincs.sfincs - sfincs - WARNING - depfile not found at H:\multi_texas_sfincs\Harvey_w_rain\zone6_n5m\sfincs.dep
2025-02-10 18:41:27,888 - hydromt_sfincs.sfincs - sfincs - WARNING - manningfile not found at H:\multi_texas_sfincs\Harvey_w_rain\zone6_n5m\sfincs.manning
2025-02-10 19:14:23,619 - hydromt_sfincs.sfincs - sfincs - WARNING - depfile not found at H:\multi_texas_sfincs\Harvey_w_rain\zone1_n5m\sfincs.dep
2025-02-10 19:14:23,625 - hydromt_sfincs.sfincs - sfincs - WARNING - manningfile not found at H:\multi_texas_sfincs\Harvey_w_rain\zone1_n5m\sfincs.manning
2025-02-10 19:14:23,970 - hydromt_sfincs.sfincs - sfincs - WARNING - depfile not found at H:\multi_texas_sfincs\Harvey_w_rain\zone2_n5m\sfincs.dep
2025-02-10 19:14:23,982 - hydromt_sfincs.sfincs - sfincs - WARNING - manningfile not found at H:\multi_texas_sfincs\Harvey_w_rain\zone2_n5m\sfincs.manning
2025-02-10 19:14:24,366 - hydromt_sfincs.sfincs - sfincs - WARNING - depfile not found at H:\multi_texas_sfincs\Harvey_w_rain\zone3_n5m\sfincs.dep
2025-02-10 19:14:24,373 - hydromt_sfincs.sfincs - sfincs - WARNING - manningfile not found at H:\multi_texas_sfincs\Harvey_w_rain\zone3_n5m\sfincs.manning
2025-02-10 19:14:24,814 - hydromt_sfincs.sfincs - sfincs - WARNING - depfile not found at H:\multi_texas_sfincs\Harvey_w_rain\zone4_n5m\sfincs.dep
2025-02-10 19:14:24,822 - hydromt_sfincs.sfincs - sfincs - WARNING - manningfile not found at H:\multi_texas_sfincs\Harvey_w_rain\zone4_n5m\sfincs.manning
2025-02-10 19:14:25,215 - hydromt_sfincs.sfincs - sfincs - WARNING - depfile not found at H:\multi_texas_sfincs\Harvey_w_rain\zone5_n5m\sfincs.dep
2025-02-10 19:14:25,227 - hydromt_sfincs.sfincs - sfincs - WARNING - manningfile not found at H:\multi_texas_sfincs\Harvey_w_rain\zone5_n5m\sfincs.manning
2025-02-10 19:14:25,597 - hydromt_sfincs.sfincs - sfincs - WARNING - depfile not found at H:\multi_texas_sfincs\Harvey_w_rain\zone6_n5m\sfincs.dep
2025-02-10 19:14:25,606 - hydromt_sfincs.sfincs - sfincs - WARNING - manningfile not found at H:\multi_texas_sfincs\Harvey_w_rain\zone6_n5m\sfincs.manning
2025-02-10 19:17:19,744 - hydromt_sfincs.sfincs - sfincs - WARNING - depfile not found at H:\multi_texas_sfincs\Harvey_w_rain\zone1_n5m\sfincs.dep
2025-02-10 19:17:19,751 - hydromt_sfincs.sfincs - sfincs - WARNING - manningfile not found at H:\multi_texas_sfincs\Harvey_w_rain\zone1_n5m\sfincs.manning
2025-02-10 19:17:20,829 - hydromt_sfincs.sfincs - sfincs - WARNING - depfile not found at H:\multi_texas_sfincs\Harvey_w_rain\zone2_n5m\sfincs.dep
2025-02-10 19:17:20,841 - hydromt_sfincs.sfincs - sfincs - WARNING - manningfile not found at H:\multi_texas_sfincs\Harvey_w_rain\zone2_n5m\sfincs.manning
2025-02-10 19:17:21,169 - hydromt_sfincs.sfincs - sfincs - WARNING - depfile not found at H:\multi_texas_sfincs\Harvey_w_rain\zone3_n5m\sfincs.dep
2025-02-10 19:17:21,176 - hydromt_sfincs.sfincs - sfincs - WARNING - manningfile not found at H:\multi_texas_sfincs\Harvey_w_rain\zone3_n5m\sfincs.manning
2025-02-10 19:17:21,571 - hydromt_sfincs.sfincs - sfincs - WARNING - depfile not found at H:\multi_texas_sfincs\Harvey_w_rain\zone4_n5m\sfincs.dep
2025-02-10 19:17:21,580 - hydromt_sfincs.sfincs - sfincs - WARNING - manningfile not found at H:\multi_texas_sfincs\Harvey_w_rain\zone4_n5m\sfincs.manning
2025-02-10 19:17:22,017 - hydromt_sfincs.sfincs - sfincs - WARNING - depfile not found at H:\multi_texas_sfincs\Harvey_w_rain\zone5_n5m\sfincs.dep
2025-02-10 19:17:22,031 - hydromt_sfincs.sfincs - sfincs - WARNING - manningfile not found at H:\multi_texas_sfincs\Harvey_w_rain\zone5_n5m\sfincs.manning
2025-02-10 19:17:22,555 - hydromt_sfincs.sfincs - sfincs - WARNING - depfile not found at H:\multi_texas_sfincs\Harvey_w_rain\zone6_n5m\sfincs.dep
2025-02-10 19:17:22,566 - hydromt_sfincs.sfincs - sfincs - WARNING - manningfile not found at H:\multi_texas_sfincs\Harvey_w_rain\zone6_n5m\sfincs.manning
